21:39:13.130 [http-nio-8080-exec-1] INFO  output - User creation failure
21:39:13.308 [http-nio-8080-exec-1] INFO  output - User creation success
21:39:15.060 [http-nio-8080-exec-3] INFO  output - User creation failure
21:39:50.481 [http-nio-8080-exec-8] INFO  output - Order success
19:27:06.702 [http-nio-8080-exec-4] INFO  output - User creation failure
2019-11-23 18:57:44,004 [http-nio-9090-exec-1] INFO  output - FAILURE - USER CREATION - problem with password or confirmpassword
2019-11-23 18:57:54,615 [http-nio-9090-exec-4] INFO  output - FAILURE - USER CREATION - problem with password or confirmpassword
2019-11-23 18:58:01,055 [http-nio-9090-exec-6] INFO  output - SUCCESS - USER CREATION
2019-11-23 18:58:05,875 [http-nio-9090-exec-7] INFO  output - FAILURE - USER CREATION - duplicate username
2019-11-23 18:58:53,444 [http-nio-9090-exec-10] INFO  output - SUCCESS - ORDER
2019-11-23 18:59:53,858 [http-nio-9090-exec-1] INFO  output - SUCCESS - ORDER
2019-11-23 19:03:24,728 [http-nio-9090-exec-5] INFO  output - FAILURE - USER CREATION - duplicate username
2019-11-23 19:03:29,080 [http-nio-9090-exec-7] INFO  output - SUCCESS - USER CREATION
2019-11-23 19:03:31,183 [http-nio-9090-exec-9] INFO  output - FAILURE - USER CREATION - duplicate username
2019-11-23 19:03:37,028 [http-nio-9090-exec-10] INFO  output - FAILURE - USER CREATION - duplicate username
2019-11-23 19:03:45,233 [http-nio-9090-exec-1] INFO  output - FAILURE - USER CREATION - problem with password or confirmpassword
2019-11-23 19:03:49,476 [http-nio-9090-exec-3] INFO  output - FAILURE - USER CREATION - problem with password or confirmpassword
2019-11-23 19:03:55,928 [http-nio-9090-exec-6] INFO  output - FAILURE - USER CREATION - problem with password or confirmpassword
2019-11-23 19:04:04,632 [http-nio-9090-exec-9] INFO  output - SUCCESS - USER CREATION
2019-11-23 19:07:16,871 [http-nio-9090-exec-10] INFO  output - SUCCESS - ORDER
2019-11-23 19:07:25,229 [http-nio-9090-exec-1] INFO  output - SUCCESS - ORDER
2019-11-23 19:07:41,377 [http-nio-9090-exec-3] INFO  output - SUCCESS - ORDER
2019-11-23 19:07:56,776 [http-nio-9090-exec-6] INFO  output - SUCCESS - ORDER
2019-11-23 19:08:03,164 [http-nio-9090-exec-7] INFO  output - SUCCESS - ORDER
2019-11-24 14:47:44,400 [main] INFO  output - FAILURE - USER CREATION - problem with password or confirmpassword
2019-11-24 14:47:44,407 [main] INFO  output - FAILURE - USER CREATION - problem with password or confirmpassword
2019-11-24 14:48:25,134 [main] INFO  output - SUCCESS - USER CREATION
2019-11-24 14:48:25,158 [main] INFO  output - FAILURE - USER CREATION - problem with password or confirmpassword
2019-11-24 14:48:25,160 [main] INFO  output - FAILURE - USER CREATION - problem with password or confirmpassword
2019-11-24 14:48:36,849 [main] INFO  output - FAILURE - ORDER -  empty cart
2019-11-24 15:02:36,144 [http-nio-9090-exec-1] INFO  output - SUCCESS - USER CREATION
2019-11-24 15:02:46,679 [http-nio-9090-exec-3] INFO  output - FAILURE - USER CREATION - duplicate username
2019-11-24 15:03:21,810 [http-nio-9090-exec-6] INFO  output - SUCCESS - ORDER
2019-11-24 15:03:29,869 [http-nio-9090-exec-8] INFO  output - SUCCESS - ORDER
2019-11-24 15:03:32,138 [http-nio-9090-exec-9] INFO  output - Order failure due to user not present
